

*******************************************************************************
Tue Jul 14 18:45:48 2026


FIT:    data read from "output/switch/switch_minima.txt" using 1:3:4 yerrors
        format = x:z:s
        x range restricted to [5.50000 : 18.5000]
        #datapoints = 5
function used for fitting: f(x)
	f(x) = a*2**(b*x**2)
fitted parameters initialized with current variable values

iter      chisq       delta/lim  lambda   a             b            
   0 9.4676127714e+01   0.00e+00  1.28e+01    1.000000e-01   1.500000e-02
   6 5.6927340230e+01  -8.59e-01  1.28e-05    1.372801e-01   1.384159e-02

After 6 iterations the fit converged.
final sum of squares of residuals : 56.9273
rel. change during last iteration : -8.59151e-06

degrees of freedom    (FIT_NDF)                        : 3
rms of residuals      (FIT_STDFIT) = sqrt(WSSR/ndf)    : 4.35612
variance of residuals (reduced chisquare) = WSSR/ndf   : 18.9758
p-value of the Chisq distribution (FIT_P)              : 2.66331e-12

Final set of parameters            Asymptotic Standard Error
=======================            ==========================
a               = 0.13728          +/- 0.03897      (28.39%)
b               = 0.0138416        +/- 0.003249     (23.47%)

correlation matrix of the fit parameters:
                a      b      
a               1.000 
b              -0.855  1.000 


*******************************************************************************
Tue Jul 14 18:46:43 2026


FIT:    data read from "output/switch/switch_minima.txt" using 1:3:4 yerrors
        format = x:z:s
        x range restricted to [5.50000 : 18.5000]
        #datapoints = 5
function used for fitting: f(x)
	f(x) = c + a*2**(b*x**2)
fitted parameters initialized with current variable values

iter      chisq       delta/lim  lambda   a             b             c            
   0 2.0219499763e+02   0.00e+00  1.16e+01    1.000000e-01   1.500000e-02   2.000000e-01
  16 3.1928062963e+00  -2.33e-05  1.16e+01    1.177765e-02   2.776800e-02   2.283580e-01

After 16 iterations the fit converged.
final sum of squares of residuals : 3.19281
rel. change during last iteration : -2.33365e-10

degrees of freedom    (FIT_NDF)                        : 2
rms of residuals      (FIT_STDFIT) = sqrt(WSSR/ndf)    : 1.26349
variance of residuals (reduced chisquare) = WSSR/ndf   : 1.5964
p-value of the Chisq distribution (FIT_P)              : 0.202624

Final set of parameters            Asymptotic Standard Error
=======================            ==========================
a               = 0.0117776        +/- 0.00592      (50.26%)
b               = 0.027768         +/- 0.002547     (9.174%)
c               = 0.228358         +/- 0.02235      (9.787%)

correlation matrix of the fit parameters:
                a      b      c      
a               1.000 
b              -0.978  1.000 
c              -0.811  0.772  1.000 


*******************************************************************************
Tue Jul 14 18:47:30 2026


FIT:    data read from "output/switch/switch_minima.txt" using 1:3:4 yerrors
        format = x:z:s
        x range restricted to [5.50000 : 18.5000]
        #datapoints = 5
function used for fitting: f(x)
	f(x) = c + a*2**(b*x**2)
fitted parameters initialized with current variable values

iter      chisq       delta/lim  lambda   a             b             c            
   0 2.0219499763e+02   0.00e+00  1.16e+01    1.000000e-01   1.500000e-02   2.000000e-01
  16 3.1928062963e+00  -2.33e-05  1.16e+01    1.177765e-02   2.776800e-02   2.283580e-01

After 16 iterations the fit converged.
final sum of squares of residuals : 3.19281
rel. change during last iteration : -2.33365e-10

degrees of freedom    (FIT_NDF)                        : 2
rms of residuals      (FIT_STDFIT) = sqrt(WSSR/ndf)    : 1.26349
variance of residuals (reduced chisquare) = WSSR/ndf   : 1.5964
p-value of the Chisq distribution (FIT_P)              : 0.202624

Final set of parameters            Asymptotic Standard Error
=======================            ==========================
a               = 0.0117776        +/- 0.00592      (50.26%)
b               = 0.027768         +/- 0.002547     (9.174%)
c               = 0.228358         +/- 0.02235      (9.787%)

correlation matrix of the fit parameters:
                a      b      c      
a               1.000 
b              -0.978  1.000 
c              -0.811  0.772  1.000 
